#
# A fatal error has been detected by the Java Runtime Environment:
#
#  EXCEPTION_PRIV_INSTRUCTION (0xc0000096) at pc=0x000002a780008cf7, pid=4760, tid=14976
#
# JRE version: OpenJDK Runtime Environment Zulu13.37+21-CA (13.0.6+5) (build 13.0.6+5-MTS)
# Java VM: OpenJDK 64-Bit Server VM Zulu13.37+21-CA (13.0.6+5-MTS, mixed mode, sharing, tiered, compressed oops, g1 gc, windows-amd64)
# Problematic frame:
# 
[error occurred during error reporting (printing problematic frame), id 0xc0000005, EXCEPTION_ACCESS_VIOLATION (0xc0000005) at pc=0x00007ffabcfb7984]

# No core dump will be written. Minidumps are not enabled by default on client versions of Windows
#
# If you would like to submit a bug report, please visit:
#   http://www.azulsystems.com/support/
#

---------------  S U M M A R Y ------------

Command Line: -XX:TieredStopAtLevel=1 -Xverify:none -Dspring.output.ansi.enabled=always -javaagent:C:\Program Files\JetBrains\IntelliJ IDEA 2020.3.1\lib\idea_rt.jar=54079:C:\Program Files\JetBrains\IntelliJ IDEA 2020.3.1\bin -Dcom.sun.management.jmxremote -Dspring.jmx.enabled=true -Dspring.liveBeansView.mbeanDomain -Dspring.application.admin.enabled=true -Dfile.encoding=UTF-8 org.epam.final_project.FinalProjectFacultiesSpringApplication

Host: Intel(R) Core(TM) i5-8250U CPU @ 1.60GHz, 8 cores, 7G,  Windows 10 , 64 bit Build 19041 (10.0.19041.1348)
Time: Sat Nov 20 21:26:18 2021 Финляндия (зима) elapsed time: 0 seconds (0d 0h 0m 0s)

---------------  T H R E A D  ---------------

Current thread (0x000002a791a5b000):  JavaThread "background-preinit" [_thread_in_Java, id=14976, stack(0x000000b254800000,0x000000b254900000)]

Stack: [0x000000b254800000,0x000000b254900000],  sp=0x000000b2548ff210,  free space=1020k
Native frames: (J=compiled Java code, j=interpreted, Vv=VM code, C=native code)
C  0x000002a780008cf7


siginfo: EXCEPTION_PRIV_INSTRUCTION (0xc0000096)


Register to memory mapping:

RIP=0x000002a780008cf7 is at code_begin+55 in an Interpreter codelet
error exits  [0x000002a780008cc0, 0x000002a780008d00]  64 bytes
RAX=0x0 is NULL
RBX=0x000000000000002f is an unknown value
RCX=
[error occurred during error reporting (printing register info), id 0xc0000005, EXCEPTION_ACCESS_VIOLATION (0xc0000005) at pc=0x00007ffabccbc2ef]

Registers:
RAX=0x0000000000000000, RBX=0x000000000000002f, RCX=0x00000000ffffffff, RDX=0x0000000000000001
RSP=0x000000b2548ff210, RBP=0x000000b2548ff240, RSI=0x00000000882d35c0, RDI=0x0000000000000010
R8 =0x0000000000000061, R9 =0x0000000000000061, R10=0x0000000000000000, R11=0x0000000000000061
R12=0x0000000000000000, R13=0x000002a7ffe4dcba, R14=0x000000b2548ff248, R15=0x000002a791a5b000
RIP=0x000002a780008cf7, EFLAGS=0x0000000000010206

Top of Stack: (sp=0x000000b2548ff210)
0x000000b2548ff210:   000002a7ffe4ddd8 000000000000002f
0x000000b2548ff220:   000000b2548ff240 00000000882d35c0
0x000000b2548ff230:   0000000000000000 000000b2548ff250
0x000000b2548ff240:   000000b2548ff298 000002a780009f00
0x000000b2548ff250:   000000b2548ff250 000002a7ffe4d458
0x000000b2548ff260:   000000b2548ff2b0 000002a7ffe4d680
0x000000b2548ff270:   0000000000000000 0000000087e8b260
0x000000b2548ff280:   000002a7ffe4d490 000000b2548ff250
0x000000b2548ff290:   000000b2548ff2b0 000000b2548ff300
0x000000b2548ff2a0:   000002a78000a1f8 0000000000000000
0x000000b2548ff2b0:   0000000087e8b3b0 000000b2548ff2b8
0x000000b2548ff2c0:   000002a7ffda37c9 000000b2548ff320
0x000000b2548ff2d0:   000002a7ffda38a0 0000000000000000
0x000000b2548ff2e0:   000000008826c040 000002a7ffda3808
0x000000b2548ff2f0:   000000b2548ff2b0 000000b2548ff318
0x000000b2548ff300:   000000b2548ff370 000002a78000a1b3 

Instructions: (pc=0x000002a780008cf7)
0x000002a780008bf7:   41 f7 c2 08 00 00 00 48 0f 44 14 24 e9 1c 00 00
0x000002a780008c07:   00 41 f7 c1 02 00 00 00 0f 85 0a 00 00 00 c5 fa
0x000002a780008c17:   10 0c 24 e9 05 00 00 00 c5 fb 10 0c 24 41 f7 c1
0x000002a780008c27:   04 00 00 00 0f 85 0a 00 00 00 4c 8b 44 24 08 e9
0x000002a780008c37:   1e 00 00 00 41 f7 c1 08 00 00 00 0f 85 0b 00 00
0x000002a780008c47:   00 c5 fa 10 54 24 08 e9 06 00 00 00 c5 fb 10 54
0x000002a780008c57:   24 08 41 f7 c1 10 00 00 00 0f 85 0a 00 00 00 4c
0x000002a780008c67:   8b 4c 24 10 e9 1e 00 00 00 41 f7 c1 20 00 00 00
0x000002a780008c77:   0f 85 0b 00 00 00 c5 fa 10 5c 24 10 e9 06 00 00
0x000002a780008c87:   00 c5 fb 10 5c 24 10 48 83 c4 20 c3 0f 1f 44 00
0x000002a780008c97:   00 00 00 00 00 00 00 00 00 60 00 00 00 00 00 00
0x000002a780008ca7:   00 00 ef 31 bd fa 7f 00 00 ff ff ff ff 00 00 00
0x000002a780008cb7:   00 00 00 00 00 00 00 00 00 48 b9 10 ef 31 bd fa
0x000002a780008cc7:   7f 00 00 48 83 e4 f0 49 ba d0 6b f4 bc fa 7f 00
0x000002a780008cd7:   00 41 ff d2 f4 48 b9 28 ef 31 bd fa 7f 00 00 48
0x000002a780008ce7:   83 e4 f0 49 ba d0 6b f4 bc fa 7f 00 00 41 ff d2
0x000002a780008cf7:   f4 00 00 00 00 00 00 00 00 60 0b 00 00 00 00 00
0x000002a780008d07:   00 58 ef 31 bd fa 7f 00 00 ff ff ff ff 00 00 00
0x000002a780008d17:   00 00 00 00 00 00 00 00 00 48 8b 65 f0 48 c7 45
0x000002a780008d27:   f0 00 00 00 00 4c 8b 6d c0 4c 8b 75 c8 41 0f b7
0x000002a780008d37:   4d 01 48 8b 5d d0 c1 e1 02 8b 5c cb 38 81 e3 ff
0x000002a780008d47:   00 00 00 48 8d 24 dc 41 0f b6 5d 01 49 ff c5 49
0x000002a780008d57:   ba 60 49 50 bd fa 7f 00 00 41 ff 24 da 48 8b 65
0x000002a780008d67:   f0 48 c7 45 f0 00 00 00 00 4c 8b 6d c0 4c 8b 75
0x000002a780008d77:   c8 41 0f b7 4d 01 48 8b 5d d0 c1 e1 02 8b 5c cb
0x000002a780008d87:   38 81 e3 ff 00 00 00 48 8d 24 dc 41 0f b6 5d 01
0x000002a780008d97:   49 ff c5 49 ba 60 71 50 bd fa 7f 00 00 41 ff 24
0x000002a780008da7:   da 48 8b 65 f0 48 c7 45 f0 00 00 00 00 4c 8b 6d
0x000002a780008db7:   c0 4c 8b 75 c8 41 0f b7 4d 01 48 8b 5d d0 c1 e1
0x000002a780008dc7:   02 8b 5c cb 38 81 e3 ff 00 00 00 48 8d 24 dc 41
0x000002a780008dd7:   0f b6 5d 01 49 ff c5 49 ba 60 61 50 bd fa 7f 00
0x000002a780008de7:   00 41 ff 24 da 48 8b 65 f0 48 c7 45 f0 00 00 00 


Stack slot to memory mapping:
stack at sp + 0 slots: 0x000002a7ffe4ddd8 is pointing into metadata
stack at sp + 1 slots: 0x000000000000002f is an unknown value
stack at sp + 2 slots: 0x000000b2548ff240 is pointing into the stack for thread: 0x000002a791a5b000
stack at sp + 3 slots: 0x00000000882d35c0 is an oop: [Lorg.springframework.util.ConcurrentReferenceHashMap$Segment; 
{0x00000000882d35c0} - klass: 'org/springframework/util/ConcurrentReferenceHashMap$Segment'[]
 - length: 16
stack at sp + 4 slots: 0x0 is NULL
stack at sp + 5 slots: 0x000000b2548ff250 is pointing into the stack for thread: 0x000002a791a5b000
stack at sp + 6 slots: 0x000000b2548ff298 is pointing into the stack for thread: 0x000002a791a5b000
stack at sp + 7 slots: 0x000002a780009f00 is at code_begin+1664 in an Interpreter codelet
invoke return entry points  [0x000002a780009880, 0x000002a78000a2a0]  2592 bytes

error exits  [0x000002a780008cc0, 0x000002a780008d00]  64 bytes
[MachCode]
  0x000002a780008cc0: 48b9 10ef | 31bd fa7f | 0000 4883 | e4f0 49ba | d06b f4bc | fa7f 0000 | 41ff d2f4 | 48b9 28ef 
  0x000002a780008ce0: 31bd fa7f | 0000 4883 | e4f0 49ba | d06b f4bc | fa7f 0000 | 41ff d2f4 | 0000 0000 | 0000 0000 
[/MachCode]

---------------  P R O C E S S  ---------------

Threads class SMR info:
_java_thread_list=0x000002a791a5a8f0, length=12, elements={
0x000002a7f16e9000, 0x000002a7ff79b800, 0x000002a7ff79e800, 0x000002a7ff7c3800,
0x000002a7ff7c4800, 0x000002a7ff7c5800, 0x000002a7ff7c6800, 0x000002a7ff784000,
0x000002a79151e000, 0x000002a7915b7000, 0x000002a7916cf800, 0x000002a791a5b000
}

Java Threads: ( => current thread )
  0x000002a7f16e9000 JavaThread "main" [_thread_blocked, id=9568, stack(0x000000b253600000,0x000000b253700000)]
  0x000002a7ff79b800 JavaThread "Reference Handler" daemon [_thread_blocked, id=15532, stack(0x000000b253d00000,0x000000b253e00000)]
  0x000002a7ff79e800 JavaThread "Finalizer" daemon [_thread_blocked, id=11060, stack(0x000000b253e00000,0x000000b253f00000)]
  0x000002a7ff7c3800 JavaThread "Signal Dispatcher" daemon [_thread_blocked, id=16928, stack(0x000000b253f00000,0x000000b254000000)]
  0x000002a7ff7c4800 JavaThread "Attach Listener" daemon [_thread_blocked, id=9288, stack(0x000000b254000000,0x000000b254100000)]
  0x000002a7ff7c5800 JavaThread "C1 CompilerThread0" daemon [_thread_blocked, id=9500, stack(0x000000b254100000,0x000000b254200000)]
  0x000002a7ff7c6800 JavaThread "Sweeper thread" daemon [_thread_blocked, id=15280, stack(0x000000b254200000,0x000000b254300000)]
  0x000002a7ff784000 JavaThread "Common-Cleaner" daemon [_thread_blocked, id=8668, stack(0x000000b254300000,0x000000b254400000)]
  0x000002a79151e000 JavaThread "Monitor Ctrl-Break" daemon [_thread_in_native, id=3892, stack(0x000000b254400000,0x000000b254500000)]
  0x000002a7915b7000 JavaThread "Service Thread" daemon [_thread_blocked, id=5712, stack(0x000000b254500000,0x000000b254600000)]
  0x000002a7916cf800 JavaThread "RMI TCP Accept-0" daemon [_thread_in_native, id=9708, stack(0x000000b254600000,0x000000b254700000)]
=>0x000002a791a5b000 JavaThread "background-preinit" [_thread_in_Java, id=14976, stack(0x000000b254800000,0x000000b254900000)]

Other Threads:
  0x000002a7ff799800 VMThread "VM Thread" [stack: 0x000000b253c00000,0x000000b253d00000] [id=7692] _threads_hazard_ptr=0x000002a791a5a8f0
  0x000002a7916bd800 WatcherThread [stack: 0x000000b254700000,0x000000b254800000] [id=15292]
  0x000002a7f172e800 GCTaskThread "GC Thread#0" [stack: 0x000000b253700000,0x000000b253800000] [id=6572]
  0x000002a7f1743000 ConcurrentGCThread "G1 Main Marker" [stack: 0x000000b253800000,0x000000b253900000] [id=11412]
  0x000002a7f1744800 ConcurrentGCThread "G1 Conc#0" [stack: 0x000000b253900000,0x000000b253a00000] [id=7012]
  0x000002a7ff614800 ConcurrentGCThread "G1 Refine#0" [stack: 0x000000b253a00000,0x000000b253b00000] [id=1060]
  0x000002a7ff616800 ConcurrentGCThread "G1 Young RemSet Sampling" [stack: 0x000000b253b00000,0x000000b253c00000] [id=14532]

Threads with active compile tasks:

VM state:synchronizing (normal execution)

VM Mutex/Monitor currently owned by a thread:  ([mutex/lock_event])
[0x000002a7f16e4d40] Threads_lock - owner thread: 0x000002a7ff799800
[0x000002a7f16e67b0] Heap_lock - owner thread: 0x000002a7f16e9000

Heap address: 0x0000000081600000, size: 2026 MB, Compressed Oops mode: 32-bit
Narrow klass base: 0x0000000800000000, Narrow klass shift: 3
Compressed class space size: 1073741824 Address: 0x0000000800b20000

Heap:
 garbage-first heap   total 131072K, used 24576K [0x0000000081600000, 0x0000000100000000)
  region size 1024K, 24 young (24576K), 0 survivors (0K)
 Metaspace       used 7332K, capacity 7610K, committed 7808K, reserved 1056768K
  class space    used 934K, capacity 1035K, committed 1152K, reserved 1048576K
Heap Regions: E=young(eden), S=young(survivor), O=old, HS=humongous(starts), HC=humongous(continues), CS=collection set, F=free, A=archive, TAMS=top-at-mark-start (previous, next)
|   0|0x0000000081600000, 0x0000000081700000, 0x0000000081700000|100%|HS|  |TAMS 0x0000000081600000, 0x0000000081600000| Complete 
|   1|0x0000000081700000, 0x0000000081700000, 0x0000000081800000|  0%| F|  |TAMS 0x0000000081700000, 0x0000000081700000| Untracked 
|   2|0x0000000081800000, 0x0000000081800000, 0x0000000081900000|  0%| F|  |TAMS 0x0000000081800000, 0x0000000081800000| Untracked 
|   3|0x0000000081900000, 0x0000000081900000, 0x0000000081a00000|  0%| F|  |TAMS 0x0000000081900000, 0x0000000081900000| Untracked 
|   4|0x0000000081a00000, 0x0000000081a00000, 0x0000000081b00000|  0%| F|  |TAMS 0x0000000081a00000, 0x0000000081a00000| Untracked 
|   5|0x0000000081b00000, 0x0000000081b00000, 0x0000000081c00000|  0%| F|  |TAMS 0x0000000081b00000, 0x0000000081b00000| Untracked 
|   6|0x0000000081c00000, 0x0000000081c00000, 0x0000000081d00000|  0%| F|  |TAMS 0x0000000081c00000, 0x0000000081c00000| Untracked 
|   7|0x0000000081d00000, 0x0000000081d00000, 0x0000000081e00000|  0%| F|  |TAMS 0x0000000081d00000, 0x0000000081d00000| Untracked 
|   8|0x0000000081e00000, 0x0000000081e00000, 0x0000000081f00000|  0%| F|  |TAMS 0x0000000081e00000, 0x0000000081e00000| Untracked 
|   9|0x0000000081f00000, 0x0000000081f00000, 0x0000000082000000|  0%| F|  |TAMS 0x0000000081f00000, 0x0000000081f00000| Untracked 
|  10|0x0000000082000000, 0x0000000082000000, 0x0000000082100000|  0%| F|  |TAMS 0x0000000082000000, 0x0000000082000000| Untracked 
|  11|0x0000000082100000, 0x0000000082100000, 0x0000000082200000|  0%| F|  |TAMS 0x0000000082100000, 0x0000000082100000| Untracked 
|  12|0x0000000082200000, 0x0000000082200000, 0x0000000082300000|  0%| F|  |TAMS 0x0000000082200000, 0x0000000082200000| Untracked 
|  13|0x0000000082300000, 0x0000000082300000, 0x0000000082400000|  0%| F|  |TAMS 0x0000000082300000, 0x0000000082300000| Untracked 
|  14|0x0000000082400000, 0x0000000082400000, 0x0000000082500000|  0%| F|  |TAMS 0x0000000082400000, 0x0000000082400000| Untracked 
|  15|0x0000000082500000, 0x0000000082500000, 0x0000000082600000|  0%| F|  |TAMS 0x0000000082500000, 0x0000000082500000| Untracked 
|  16|0x0000000082600000, 0x0000000082600000, 0x0000000082700000|  0%| F|  |TAMS 0x0000000082600000, 0x0000000082600000| Untracked 
|  17|0x0000000082700000, 0x0000000082700000, 0x0000000082800000|  0%| F|  |TAMS 0x0000000082700000, 0x0000000082700000| Untracked 
|  18|0x0000000082800000, 0x0000000082800000, 0x0000000082900000|  0%| F|  |TAMS 0x0000000082800000, 0x0000000082800000| Untracked 
|  19|0x0000000082900000, 0x0000000082900000, 0x0000000082a00000|  0%| F|  |TAMS 0x0000000082900000, 0x0000000082900000| Untracked 
|  20|0x0000000082a00000, 0x0000000082a00000, 0x0000000082b00000|  0%| F|  |TAMS 0x0000000082a00000, 0x0000000082a00000| Untracked 
|  21|0x0000000082b00000, 0x0000000082b00000, 0x0000000082c00000|  0%| F|  |TAMS 0x0000000082b00000, 0x0000000082b00000| Untracked 
|  22|0x0000000082c00000, 0x0000000082c00000, 0x0000000082d00000|  0%| F|  |TAMS 0x0000000082c00000, 0x0000000082c00000| Untracked 
|  23|0x0000000082d00000, 0x0000000082d00000, 0x0000000082e00000|  0%| F|  |TAMS 0x0000000082d00000, 0x0000000082d00000| Untracked 
|  24|0x0000000082e00000, 0x0000000082e00000, 0x0000000082f00000|  0%| F|  |TAMS 0x0000000082e00000, 0x0000000082e00000| Untracked 
|  25|0x0000000082f00000, 0x0000000082f00000, 0x0000000083000000|  0%| F|  |TAMS 0x0000000082f00000, 0x0000000082f00000| Untracked 
|  26|0x0000000083000000, 0x0000000083000000, 0x0000000083100000|  0%| F|  |TAMS 0x0000000083000000, 0x0000000083000000| Untracked 
|  27|0x0000000083100000, 0x0000000083100000, 0x0000000083200000|  0%| F|  |TAMS 0x0000000083100000, 0x0000000083100000| Untracked 
|  28|0x0000000083200000, 0x0000000083200000, 0x0000000083300000|  0%| F|  |TAMS 0x0000000083200000, 0x0000000083200000| Untracked 
|  29|0x0000000083300000, 0x0000000083300000, 0x0000000083400000|  0%| F|  |TAMS 0x0000000083300000, 0x0000000083300000| Untracked 
|  30|0x0000000083400000, 0x0000000083400000, 0x0000000083500000|  0%| F|  |TAMS 0x0000000083400000, 0x0000000083400000| Untracked 
|  31|0x0000000083500000, 0x0000000083500000, 0x0000000083600000|  0%| F|  |TAMS 0x0000000083500000, 0x0000000083500000| Untracked 
|  32|0x0000000083600000, 0x0000000083600000, 0x0000000083700000|  0%| F|  |TAMS 0x0000000083600000, 0x0000000083600000| Untracked 
|  33|0x0000000083700000, 0x0000000083700000, 0x0000000083800000|  0%| F|  |TAMS 0x0000000083700000, 0x0000000083700000| Untracked 
|  34|0x0000000083800000, 0x0000000083800000, 0x0000000083900000|  0%| F|  |TAMS 0x0000000083800000, 0x0000000083800000| Untracked 
|  35|0x0000000083900000, 0x0000000083900000, 0x0000000083a00000|  0%| F|  |TAMS 0x0000000083900000, 0x0000000083900000| Untracked 
|  36|0x0000000083a00000, 0x0000000083a00000, 0x0000000083b00000|  0%| F|  |TAMS 0x0000000083a00000, 0x0000000083a00000| Untracked 
|  37|0x0000000083b00000, 0x0000000083b00000, 0x0000000083c00000|  0%| F|  |TAMS 0x0000000083b00000, 0x0000000083b00000| Untracked 
|  38|0x0000000083c00000, 0x0000000083c00000, 0x0000000083d00000|  0%| F|  |TAMS 0x0000000083c00000, 0x0000000083c00000| Untracked 
|  39|0x0000000083d00000, 0x0000000083d00000, 0x0000000083e00000|  0%| F|  |TAMS 0x0000000083d00000, 0x0000000083d00000| Untracked 
|  40|0x0000000083e00000, 0x0000000083e00000, 0x0000000083f00000|  0%| F|  |TAMS 0x0000000083e00000, 0x0000000083e00000| Untracked 
|  41|0x0000000083f00000, 0x0000000083f00000, 0x0000000084000000|  0%| F|  |TAMS 0x0000000083f00000, 0x0000000083f00000| Untracked 
|  42|0x0000000084000000, 0x0000000084000000, 0x0000000084100000|  0%| F|  |TAMS 0x0000000084000000, 0x0000000084000000| Untracked 
|  43|0x0000000084100000, 0x0000000084100000, 0x0000000084200000|  0%| F|  |TAMS 0x0000000084100000, 0x0000000084100000| Untracked 
|  44|0x0000000084200000, 0x0000000084200000, 0x0000000084300000|  0%| F|  |TAMS 0x0000000084200000, 0x0000000084200000| Untracked 
|  45|0x0000000084300000, 0x0000000084300000, 0x0000000084400000|  0%| F|  |TAMS 0x0000000084300000, 0x0000000084300000| Untracked 
|  46|0x0000000084400000, 0x0000000084400000, 0x0000000084500000|  0%| F|  |TAMS 0x0000000084400000, 0x0000000084400000| Untracked 
|  47|0x0000000084500000, 0x0000000084500000, 0x0000000084600000|  0%| F|  |TAMS 0x0000000084500000, 0x0000000084500000| Untracked 
|  48|0x0000000084600000, 0x0000000084600000, 0x0000000084700000|  0%| F|  |TAMS 0x0000000084600000, 0x0000000084600000| Untracked 
|  49|0x0000000084700000, 0x0000000084700000, 0x0000000084800000|  0%| F|  |TAMS 0x0000000084700000, 0x0000000084700000| Untracked 
|  50|0x0000000084800000, 0x0000000084800000, 0x0000000084900000|  0%| F|  |TAMS 0x0000000084800000, 0x0000000084800000| Untracked 
|  51|0x0000000084900000, 0x0000000084900000, 0x0000000084a00000|  0%| F|  |TAMS 0x0000000084900000, 0x0000000084900000| Untracked 
|  52|0x0000000084a00000, 0x0000000084a00000, 0x0000000084b00000|  0%| F|  |TAMS 0x0000000084a00000, 0x0000000084a00000| Untracked 
|  53|0x0000000084b00000, 0x0000000084b00000, 0x0000000084c00000|  0%| F|  |TAMS 0x0000000084b00000, 0x0000000084b00000| Untracked 
|  54|0x0000000084c00000, 0x0000000084c00000, 0x0000000084d00000|  0%| F|  |TAMS 0x0000000084c00000, 0x0000000084c00000| Untracked 
|  55|0x0000000084d00000, 0x0000000084d00000, 0x0000000084e00000|  0%| F|  |TAMS 0x0000000084d00000, 0x0000000084d00000| Untracked 
|  56|0x0000000084e00000, 0x0000000084e00000, 0x0000000084f00000|  0%| F|  |TAMS 0x0000000084e00000, 0x0000000084e00000| Untracked 
|  57|0x0000000084f00000, 0x0000000084f00000, 0x0000000085000000|  0%| F|  |TAMS 0x0000000084f00000, 0x0000000084f00000| Untracked 
|  58|0x0000000085000000, 0x0000000085000000, 0x0000000085100000|  0%| F|  |TAMS 0x0000000085000000, 0x0000000085000000| Untracked 
|  59|0x0000000085100000, 0x0000000085100000, 0x0000000085200000|  0%| F|  |TAMS 0x0000000085100000, 0x0000000085100000| Untracked 
|  60|0x0000000085200000, 0x0000000085200000, 0x0000000085300000|  0%| F|  |TAMS 0x0000000085200000, 0x0000000085200000| Untracked 
|  61|0x0000000085300000, 0x0000000085300000, 0x0000000085400000|  0%| F|  |TAMS 0x0000000085300000, 0x0000000085300000| Untracked 
|  62|0x0000000085400000, 0x0000000085400000, 0x0000000085500000|  0%| F|  |TAMS 0x0000000085400000, 0x0000000085400000| Untracked 
|  63|0x0000000085500000, 0x0000000085500000, 0x0000000085600000|  0%| F|  |TAMS 0x0000000085500000, 0x0000000085500000| Untracked 
|  64|0x0000000085600000, 0x0000000085600000, 0x0000000085700000|  0%| F|  |TAMS 0x0000000085600000, 0x0000000085600000| Untracked 
|  65|0x0000000085700000, 0x0000000085700000, 0x0000000085800000|  0%| F|  |TAMS 0x0000000085700000, 0x0000000085700000| Untracked 
|  66|0x0000000085800000, 0x0000000085800000, 0x0000000085900000|  0%| F|  |TAMS 0x0000000085800000, 0x0000000085800000| Untracked 
|  67|0x0000000085900000, 0x0000000085900000, 0x0000000085a00000|  0%| F|  |TAMS 0x0000000085900000, 0x0000000085900000| Untracked 
|  68|0x0000000085a00000, 0x0000000085a00000, 0x0000000085b00000|  0%| F|  |TAMS 0x0000000085a00000, 0x0000000085a00000| Untracked 
|  69|0x0000000085b00000, 0x0000000085b00000, 0x0000000085c00000|  0%| F|  |TAMS 0x0000000085b00000, 0x0000000085b00000| Untracked 
|  70|0x0000000085c00000, 0x0000000085c00000, 0x0000000085d00000|  0%| F|  |TAMS 0x0000000085c00000, 0x0000000085c00000| Untracked 
|  71|0x0000000085d00000, 0x0000000085d00000, 0x0000000085e00000|  0%| F|  |TAMS 0x0000000085d00000, 0x0000000085d00000| Untracked 
|  72|0x0000000085e00000, 0x0000000085e00000, 0x0000000085f00000|  0%| F|  |TAMS 0x0000000085e00000, 0x0000000085e00000| Untracked 
|  73|0x0000000085f00000, 0x0000000085f00000, 0x0000000086000000|  0%| F|  |TAMS 0x0000000085f00000, 0x0000000085f00000| Untracked 
|  74|0x0000000086000000, 0x0000000086000000, 0x0000000086100000|  0%| F|  |TAMS 0x0000000086000000, 0x0000000086000000| Untracked 
|  75|0x0000000086100000, 0x0000000086100000, 0x0000000086200000|  0%| F|  |TAMS 0x0000000086100000, 0x0000000086100000| Untracked 
|  76|0x0000000086200000, 0x0000000086200000, 0x0000000086300000|  0%| F|  |TAMS 0x0000000086200000, 0x0000000086200000| Untracked 
|  77|0x0000000086300000, 0x0000000086300000, 0x0000000086400000|  0%| F|  |TAMS 0x0000000086300000, 0x0000000086300000| Untracked 
|  78|0x0000000086400000, 0x0000000086400000, 0x0000000086500000|  0%| F|  |TAMS 0x0000000086400000, 0x0000000086400000| Untracked 
|  79|0x0000000086500000, 0x0000000086500000, 0x0000000086600000|  0%| F|  |TAMS 0x0000000086500000, 0x0000000086500000| Untracked 
|  80|0x0000000086600000, 0x0000000086600000, 0x0000000086700000|  0%| F|  |TAMS 0x0000000086600000, 0x0000000086600000| Untracked 
|  81|0x0000000086700000, 0x0000000086700000, 0x0000000086800000|  0%| F|  |TAMS 0x0000000086700000, 0x0000000086700000| Untracked 
|  82|0x0000000086800000, 0x0000000086800000, 0x0000000086900000|  0%| F|  |TAMS 0x0000000086800000, 0x0000000086800000| Untracked 
|  83|0x0000000086900000, 0x0000000086900000, 0x0000000086a00000|  0%| F|  |TAMS 0x0000000086900000, 0x0000000086900000| Untracked 
|  84|0x0000000086a00000, 0x0000000086a00000, 0x0000000086b00000|  0%| F|  |TAMS 0x0000000086a00000, 0x0000000086a00000| Untracked 
|  85|0x0000000086b00000, 0x0000000086b00000, 0x0000000086c00000|  0%| F|  |TAMS 0x0000000086b00000, 0x0000000086b00000| Untracked 
|  86|0x0000000086c00000, 0x0000000086c00000, 0x0000000086d00000|  0%| F|  |TAMS 0x0000000086c00000, 0x0000000086c00000| Untracked 
|  87|0x0000000086d00000, 0x0000000086d00000, 0x0000000086e00000|  0%| F|  |TAMS 0x0000000086d00000, 0x0000000086d00000| Untracked 
|  88|0x0000000086e00000, 0x0000000086e00000, 0x0000000086f00000|  0%| F|  |TAMS 0x0000000086e00000, 0x0000000086e00000| Untracked 
|  89|0x0000000086f00000, 0x0000000086f00000, 0x0000000087000000|  0%| F|  |TAMS 0x0000000086f00000, 0x0000000086f00000| Untracked 
|  90|0x0000000087000000, 0x0000000087000000, 0x0000000087100000|  0%| F|  |TAMS 0x0000000087000000, 0x0000000087000000| Untracked 
|  91|0x0000000087100000, 0x0000000087100000, 0x0000000087200000|  0%| F|  |TAMS 0x0000000087100000, 0x0000000087100000| Untracked 
|  92|0x0000000087200000, 0x0000000087200000, 0x0000000087300000|  0%| F|  |TAMS 0x0000000087200000, 0x0000000087200000| Untracked 
|  93|0x0000000087300000, 0x0000000087300000, 0x0000000087400000|  0%| F|  |TAMS 0x0000000087300000, 0x0000000087300000| Untracked 
|  94|0x0000000087400000, 0x0000000087400000, 0x0000000087500000|  0%| F|  |TAMS 0x0000000087400000, 0x0000000087400000| Untracked 
|  95|0x0000000087500000, 0x0000000087500000, 0x0000000087600000|  0%| F|  |TAMS 0x0000000087500000, 0x0000000087500000| Untracked 
|  96|0x0000000087600000, 0x0000000087600000, 0x0000000087700000|  0%| F|  |TAMS 0x0000000087600000, 0x0000000087600000| Untracked 
|  97|0x0000000087700000, 0x0000000087700000, 0x0000000087800000|  0%| F|  |TAMS 0x0000000087700000, 0x0000000087700000| Untracked 
|  98|0x0000000087800000, 0x0000000087800000, 0x0000000087900000|  0%| F|  |TAMS 0x0000000087800000, 0x0000000087800000| Untracked 
|  99|0x0000000087900000, 0x0000000087900000, 0x0000000087a00000|  0%| F|  |TAMS 0x0000000087900000, 0x0000000087900000| Untracked 
| 100|0x0000000087a00000, 0x0000000087a00000, 0x0000000087b00000|  0%| F|  |TAMS 0x0000000087a00000, 0x0000000087a00000| Untracked 
| 101|0x0000000087b00000, 0x0000000087b00000, 0x0000000087c00000|  0%| F|  |TAMS 0x0000000087b00000, 0x0000000087b00000| Untracked 
| 102|0x0000000087c00000, 0x0000000087c00000, 0x0000000087d00000|  0%| F|  |TAMS 0x0000000087c00000, 0x0000000087c00000| Untracked 
| 103|0x0000000087d00000, 0x0000000087d00000, 0x0000000087e00000|  0%| F|  |TAMS 0x0000000087d00000, 0x0000000087d00000| Untracked 
| 104|0x0000000087e00000, 0x0000000087f00000, 0x0000000087f00000|100%| E|CS|TAMS 0x0000000087e00000, 0x0000000087e00000| Complete 
| 105|0x0000000087f00000, 0x0000000088000000, 0x0000000088000000|100%| E|CS|TAMS 0x0000000087f00000, 0x0000000087f00000| Complete 
| 106|0x0000000088000000, 0x0000000088100000, 0x0000000088100000|100%| E|CS|TAMS 0x0000000088000000, 0x0000000088000000| Complete 
| 107|0x0000000088100000, 0x0000000088200000, 0x0000000088200000|100%| E|CS|TAMS 0x0000000088100000, 0x0000000088100000| Complete 
| 108|0x0000000088200000, 0x0000000088300000, 0x0000000088300000|100%| E|CS|TAMS 0x0000000088200000, 0x0000000088200000| Complete 
| 109|0x0000000088300000, 0x0000000088400000, 0x0000000088400000|100%| E|CS|TAMS 0x0000000088300000, 0x0000000088300000| Complete 
| 110|0x0000000088400000, 0x0000000088500000, 0x0000000088500000|100%| E|CS|TAMS 0x0000000088400000, 0x0000000088400000| Complete 
| 111|0x0000000088500000, 0x0000000088600000, 0x0000000088600000|100%| E|CS|TAMS 0x0000000088500000, 0x0000000088500000| Complete 
| 112|0x0000000088600000, 0x0000000088700000, 0x0000000088700000|100%| E|CS|TAMS 0x0000000088600000, 0x0000000088600000| Complete 
| 113|0x0000000088700000, 0x0000000088800000, 0x0000000088800000|100%| E|CS|TAMS 0x0000000088700000, 0x0000000088700000| Complete 
| 114|0x0000000088800000, 0x0000000088900000, 0x0000000088900000|100%| E|CS|TAMS 0x0000000088800000, 0x0000000088800000| Complete 
| 115|0x0000000088900000, 0x0000000088a00000, 0x0000000088a00000|100%| E|CS|TAMS 0x0000000088900000, 0x0000000088900000| Complete 
| 116|0x0000000088a00000, 0x0000000088b00000, 0x0000000088b00000|100%| E|  |TAMS 0x0000000088a00000, 0x0000000088a00000| Complete 
| 117|0x0000000088b00000, 0x0000000088c00000, 0x0000000088c00000|100%| E|CS|TAMS 0x0000000088b00000, 0x0000000088b00000| Complete 
| 118|0x0000000088c00000, 0x0000000088d00000, 0x0000000088d00000|100%| E|CS|TAMS 0x0000000088c00000, 0x0000000088c00000| Complete 
| 119|0x0000000088d00000, 0x0000000088e00000, 0x0000000088e00000|100%| E|CS|TAMS 0x0000000088d00000, 0x0000000088d00000| Complete 
| 120|0x0000000088e00000, 0x0000000088f00000, 0x0000000088f00000|100%| E|CS|TAMS 0x0000000088e00000, 0x0000000088e00000| Complete 
| 121|0x0000000088f00000, 0x0000000089000000, 0x0000000089000000|100%| E|CS|TAMS 0x0000000088f00000, 0x0000000088f00000| Complete 
| 122|0x0000000089000000, 0x0000000089100000, 0x0000000089100000|100%| E|CS|TAMS 0x0000000089000000, 0x0000000089000000| Complete 
| 123|0x0000000089100000, 0x0000000089200000, 0x0000000089200000|100%| E|CS|TAMS 0x0000000089100000, 0x0000000089100000| Complete 
| 124|0x0000000089200000, 0x0000000089300000, 0x0000000089300000|100%| E|CS|TAMS 0x0000000089200000, 0x0000000089200000| Complete 
| 125|0x0000000089300000, 0x0000000089400000, 0x0000000089400000|100%| E|CS|TAMS 0x0000000089300000, 0x0000000089300000| Complete 
| 126|0x0000000089400000, 0x0000000089500000, 0x0000000089500000|100%| E|CS|TAMS 0x0000000089400000, 0x0000000089400000| Complete 
| 127|0x0000000089500000, 0x0000000089600000, 0x0000000089600000|100%| E|CS|TAMS 0x0000000089500000, 0x0000000089500000| Complete 

Card table byte_map: [0x000002a7fa600000,0x000002a7faa00000] _byte_map_base: 0x000002a7fa1f5000

Marking Bits (Prev, Next): (CMBitMap*) 0x000002a7f1730418, (CMBitMap*) 0x000002a7f1730458
 Prev Bits: [0x000002a7fae00000, 0x000002a7fcda8000)
 Next Bits: [0x000002a7fcdb0000, 0x000002a7fed58000)

Polling page: 0x000002a7ef660000

Metaspace:

Usage:
  Non-class:      6.42 MB capacity,     6.25 MB ( 97%) used,   154.75 KB (  2%) free+waste,    22.44 KB ( <1%) overhead. 
      Class:      1.01 MB capacity,   934.88 KB ( 90%) used,    87.05 KB (  8%) free+waste,    13.06 KB (  1%) overhead. 
       Both:      7.43 MB capacity,     7.16 MB ( 96%) used,   241.80 KB (  3%) free+waste,    35.50 KB ( <1%) overhead. 

Virtual space:
  Non-class space:        8.00 MB reserved,       6.50 MB ( 81%) committed 
      Class space:        1.00 GB reserved,       1.13 MB ( <1%) committed 
             Both:        1.01 GB reserved,       7.63 MB ( <1%) committed 

Chunk freelists:
   Non-Class:  17.00 KB
       Class:  21.00 KB
        Both:  38.00 KB

MaxMetaspaceSize: 17179869184.00 GB
CompressedClassSpaceSize: 1.00 GB

CodeHeap 'non-profiled nmethods': size=238336Kb used=1940Kb max_used=1940Kb free=236395Kb
 bounds [0x000002a780740000, 0x000002a7809b0000, 0x000002a78f000000]
CodeHeap 'non-nmethods': size=7424Kb used=1187Kb max_used=1187Kb free=6236Kb
 bounds [0x000002a780000000, 0x000002a780270000, 0x000002a780740000]
 total_blobs=1830 nmethods=1377 adapters=381
 compilation: enabled
              stopped_count=0, restarted_count=0
 full_count=0

Compilation events (20 events):
Event: 0.850 Thread 0x000002a7ff7c5800 1366       1       java.util.Collections$1::<init> (15 bytes)
Event: 0.850 Thread 0x000002a7ff7c5800 nmethod 1366 0x000002a780922110 code [0x000002a7809222a0, 0x000002a7809223d8]
Event: 0.850 Thread 0x000002a7ff7c5800 1367       1       org.springframework.util.ConcurrentReferenceHashMap::get (37 bytes)
Event: 0.850 Thread 0x000002a7ff7c5800 nmethod 1367 0x000002a780922490 code [0x000002a780922660, 0x000002a780922918]
Event: 0.850 Thread 0x000002a7ff7c5800 1369       1       java.util.Collections::singleton (9 bytes)
Event: 0.850 Thread 0x000002a7ff7c5800 nmethod 1369 0x000002a780922b10 code [0x000002a780922ca0, 0x000002a780922df8]
Event: 0.850 Thread 0x000002a7ff7c5800 1368       1       java.util.Collections$SingletonSet::<init> (10 bytes)
Event: 0.850 Thread 0x000002a7ff7c5800 nmethod 1368 0x000002a780922e90 code [0x000002a780923020, 0x000002a780923138]
Event: 0.850 Thread 0x000002a7ff7c5800 1371       1       org.springframework.core.convert.support.GenericConversionService$ConvertersForPair::add (9 bytes)
Event: 0.851 Thread 0x000002a7ff7c5800 nmethod 1371 0x000002a780923190 code [0x000002a780923340, 0x000002a780923448]
Event: 0.851 Thread 0x000002a7ff7c5800 1370       1       org.springframework.core.convert.support.GenericConversionService$Converters::getMatchableConverters (41 bytes)
Event: 0.851 Thread 0x000002a7ff7c5800 nmethod 1370 0x000002a780923510 code [0x000002a7809236e0, 0x000002a7809239b8]
Event: 0.851 Thread 0x000002a7ff7c5800 1372       1       java.util.LinkedList::linkFirst (59 bytes)
Event: 0.851 Thread 0x000002a7ff7c5800 nmethod 1372 0x000002a780923b10 code [0x000002a780923cc0, 0x000002a780923ff8]
Event: 0.851 Thread 0x000002a7ff7c5800 1373       1       java.util.LinkedList::addFirst (6 bytes)
Event: 0.851 Thread 0x000002a7ff7c5800 nmethod 1373 0x000002a780924110 code [0x000002a7809242c0, 0x000002a7809243a8]
Event: 0.851 Thread 0x000002a7ff7c5800 1374       1       org.springframework.util.ConcurrentReferenceHashMap$Entry::getValue (5 bytes)
Event: 0.851 Thread 0x000002a7ff7c5800 nmethod 1374 0x000002a780924410 code [0x000002a7809245a0, 0x000002a780924678]
Event: 0.851 Thread 0x000002a7ff7c5800 1375       1       jdk.internal.org.objectweb.asm.SymbolTable::addConstantFieldref (10 bytes)
Event: 0.852 Thread 0x000002a7ff7c5800 nmethod 1375 0x000002a780924710 code [0x000002a7809248c0, 0x000002a7809249c8]

GC Heap History (0 events):
No events

Deoptimization events (0 events):
No events

Classes unloaded (0 events):
No events

Classes redefined (0 events):
No events

Internal exceptions (14 events):
Event: 0.335 Thread 0x000002a7f16e9000 Exception <a 'java/lang/NoSuchMethodError'{0x0000000088e417d8}: 'java.lang.Object java.lang.invoke.DirectMethodHandle$Holder.invokeStaticInit(java.lang.Object, java.lang.Object, java.lang.Object)'> (0x0000000088e417d8) 
thrown [./src/hotspot/share/interpreter/linkResolver.cpp, line 767]
Event: 0.341 Thread 0x000002a7f16e9000 Exception <a 'java/lang/NoSuchMethodError'{0x0000000088e5a7c0}: 'int java.lang.invoke.DirectMethodHandle$Holder.invokeInterface(java.lang.Object, java.lang.Object)'> (0x0000000088e5a7c0) 
thrown [./src/hotspot/share/interpreter/linkResolver.cpp, line 767]
Event: 0.341 Thread 0x000002a7f16e9000 Exception <a 'java/lang/IncompatibleClassChangeError'{0x0000000088e5d2c8}: Found class java.lang.Object, but interface was expected> (0x0000000088e5d2c8) 
thrown [./src/hotspot/share/interpreter/linkResolver.cpp, line 833]
Event: 0.445 Thread 0x000002a7f16e9000 Exception <a 'java/lang/NoSuchMethodError'{0x0000000088c0b710}: 'int java.lang.invoke.DirectMethodHandle$Holder.invokeSpecialIFC(java.lang.Object, java.lang.Object, java.lang.Object)'> (0x0000000088c0b710) 
thrown [./src/hotspot/share/interpreter/linkResolver.cpp, line 767]
Event: 0.464 Thread 0x000002a7f16e9000 Exception <a 'java/lang/NoSuchMethodError'{0x0000000088c62580}: 'java.lang.Object java.lang.invoke.DirectMethodHandle$Holder.invokeStaticInit(java.lang.Object, int, int, int, int)'> (0x0000000088c62580) 
thrown [./src/hotspot/share/interpreter/linkResolver.cpp, line 767]
Event: 0.621 Thread 0x000002a7f16e9000 Exception <a 'java/lang/NoSuchMethodError'{0x0000000088b29f80}: 'java.lang.Object java.lang.invoke.DirectMethodHandle$Holder.invokeStaticInit(java.lang.Object, java.lang.Object, int, int, int, int)'> (0x0000000088b29f80) 
thrown [./src/hotspot/share/interpreter/linkResolver.cpp, line 767]
Event: 0.630 Thread 0x000002a7f16e9000 Exception <a 'java/lang/ClassNotFoundException'{0x0000000088b45fd8}: javax/management/remote/rmi/RMIServerImpl_Skel> (0x0000000088b45fd8) 
thrown [./src/hotspot/share/classfile/systemDictionary.cpp, line 232]
Event: 0.662 Thread 0x000002a7f16e9000 Exception <a 'java/lang/ClassNotFoundException'{0x0000000088987428}: javax/smartcardio/CardPermission> (0x0000000088987428) 
thrown [./src/hotspot/share/classfile/systemDictionary.cpp, line 232]
Event: 0.665 Thread 0x000002a7f16e9000 Exception <a 'java/io/FileNotFoundException'{0x0000000088996038}> (0x0000000088996038) 
thrown [./src/hotspot/share/prims/jni.cpp, line 598]
Event: 0.729 Thread 0x000002a7f16e9000 Exception <a 'java/lang/NoSuchMethodError'{0x0000000088513038}: 'int java.lang.invoke.DirectMethodHandle$Holder.invokeStaticInit(java.lang.Object, java.lang.Object)'> (0x0000000088513038) 
thrown [./src/hotspot/share/interpreter/linkResolver.cpp, line 767]
Event: 0.762 Thread 0x000002a7f16e9000 Exception <a 'java/lang/NoSuchMethodError'{0x00000000883084f0}: 'int java.lang.invoke.DirectMethodHandle$Holder.invokeStaticInit(java.lang.Object, java.lang.Object, java.lang.Object)'> (0x00000000883084f0) 
thrown [./src/hotspot/share/interpreter/linkResolver.cpp, line 767]
Event: 0.765 Thread 0x000002a7f16e9000 Exception <a 'java/lang/NoSuchMethodError'{0x0000000088331c28}: 'java.lang.Object java.lang.invoke.DirectMethodHandle$Holder.invokeVirtual(java.lang.Object, java.lang.Object, java.lang.Object)'> (0x0000000088331c28) 
thrown [./src/hotspot/share/interpreter/linkResolver.cpp, line 767]
Event: 0.768 Thread 0x000002a7f16e9000 Exception <a 'java/lang/NoSuchMethodError'{0x0000000088374dd0}: 'void java.lang.invoke.DirectMethodHandle$Holder.invokeSpecial(java.lang.Object, java.lang.Object)'> (0x0000000088374dd0) 
thrown [./src/hotspot/share/interpreter/linkResolver.cpp, line 767]
Event: 0.804 Thread 0x000002a7f16e9000 Exception <a 'java/io/FileNotFoundException'{0x000000008803dac8}> (0x000000008803dac8) 
thrown [./src/hotspot/share/prims/jni.cpp, line 598]

Events (20 events):
Event: 0.849 loading class org/springframework/format/datetime/standard/MonthDayFormatter
Event: 0.849 loading class org/springframework/format/datetime/standard/MonthDayFormatter done
Event: 0.849 loading class org/springframework/format/datetime/standard/Jsr310DateTimeFormatAnnotationFormatterFactory
Event: 0.849 loading class org/springframework/format/datetime/standard/Jsr310DateTimeFormatAnnotationFormatterFactory done
Event: 0.850 loading class org/springframework/format/annotation/DateTimeFormat
Event: 0.850 loading class org/springframework/format/annotation/DateTimeFormat done
Event: 0.850 loading class org/springframework/format/datetime/DateTimeFormatAnnotationFormatterFactory
Event: 0.850 loading class org/springframework/format/datetime/DateTimeFormatAnnotationFormatterFactory done
Event: 0.851 loading class org/springframework/boot/convert/CharArrayFormatter
Event: 0.851 loading class org/springframework/boot/convert/CharArrayFormatter done
Event: 0.851 loading class org/springframework/boot/autoconfigure/BackgroundPreinitializer$ValidationInitializer
Event: 0.851 loading class org/springframework/boot/autoconfigure/BackgroundPreinitializer$ValidationInitializer done
Event: 0.851 loading class javax/validation/Validation
Event: 0.851 loading class javax/validation/Validation done
Event: 0.851 loading class sun/reflect/generics/tree/CharSignature
Event: 0.851 loading class sun/reflect/generics/tree/CharSignature done
Event: 0.851 loading class sun/reflect/generics/tree/ArrayTypeSignature
Event: 0.851 Executing VM operation: RevokeBias
Event: 0.851 loading class sun/reflect/generics/tree/ArrayTypeSignature done
Event: 0.851 Executing VM operation: RevokeBias done


Dynamic libraries:
0x00007ff61f7d0000 - 0x00007ff61f7dd000 	C:\Users\Макс\.jdks\azul-13.0.6\bin\java.exe
0x00007ffb1a610000 - 0x00007ffb1a805000 	C:\WINDOWS\SYSTEM32\ntdll.dll
0x00007ffb193e0000 - 0x00007ffb1949e000 	C:\WINDOWS\System32\KERNEL32.DLL
0x00007ffb18100000 - 0x00007ffb183c8000 	C:\WINDOWS\System32\KERNELBASE.dll
0x00007ffb18400000 - 0x00007ffb18500000 	C:\WINDOWS\System32\ucrtbase.dll
0x00007ffb107e0000 - 0x00007ffb107f7000 	C:\Users\Макс\.jdks\azul-13.0.6\bin\jli.dll
0x00007ffb0fc40000 - 0x00007ffb0fc55000 	C:\Users\Макс\.jdks\azul-13.0.6\bin\VCRUNTIME140.dll
0x00007ffb186c0000 - 0x00007ffb18861000 	C:\WINDOWS\System32\USER32.dll
0x00007ffb07f70000 - 0x00007ffb0820a000 	C:\WINDOWS\WinSxS\amd64_microsoft.windows.common-controls_6595b64144ccf1df_6.0.19041.1110_none_60b5254171f9507e\COMCTL32.dll
0x00007ffb183d0000 - 0x00007ffb183f2000 	C:\WINDOWS\System32\win32u.dll
0x00007ffb195d0000 - 0x00007ffb1966e000 	C:\WINDOWS\System32\msvcrt.dll
0x00007ffb193b0000 - 0x00007ffb193db000 	C:\WINDOWS\System32\GDI32.dll
0x00007ffb17f40000 - 0x00007ffb1804b000 	C:\WINDOWS\System32\gdi32full.dll
0x00007ffb17d30000 - 0x00007ffb17dcd000 	C:\WINDOWS\System32\msvcp_win.dll
0x00007ffb1a190000 - 0x00007ffb1a1c0000 	C:\WINDOWS\System32\IMM32.DLL
0x00007ffafd750000 - 0x00007ffafd7eb000 	C:\Users\Макс\.jdks\azul-13.0.6\bin\msvcp140.dll
0x00007ffabc9d0000 - 0x00007ffabd5c0000 	C:\Users\Макс\.jdks\azul-13.0.6\bin\server\jvm.dll
0x00007ffb19e50000 - 0x00007ffb19efc000 	C:\WINDOWS\System32\ADVAPI32.dll
0x00007ffb1a470000 - 0x00007ffb1a50b000 	C:\WINDOWS\System32\sechost.dll
0x00007ffb194a0000 - 0x00007ffb195ca000 	C:\WINDOWS\System32\RPCRT4.dll
0x00007ffb1a510000 - 0x00007ffb1a518000 	C:\WINDOWS\System32\PSAPI.DLL
0x00007ffb00320000 - 0x00007ffb00329000 	C:\WINDOWS\SYSTEM32\WSOCK32.dll
0x00007ffb09740000 - 0x00007ffb09767000 	C:\WINDOWS\SYSTEM32\WINMM.dll
0x00007ffb1a250000 - 0x00007ffb1a2bb000 	C:\WINDOWS\System32\WS2_32.dll
0x00007ffb0d9a0000 - 0x00007ffb0d9aa000 	C:\WINDOWS\SYSTEM32\VERSION.dll
0x00007ffb165b0000 - 0x00007ffb165c2000 	C:\WINDOWS\SYSTEM32\kernel.appcore.dll
0x00007ffb10960000 - 0x00007ffb10970000 	C:\Users\Макс\.jdks\azul-13.0.6\bin\verify.dll
0x00007ffb04640000 - 0x00007ffb04824000 	C:\WINDOWS\SYSTEM32\DBGHELP.DLL
0x00007ffb045d0000 - 0x00007ffb045fc000 	C:\WINDOWS\SYSTEM32\dbgcore.DLL
0x00007ffb17eb0000 - 0x00007ffb17f33000 	C:\WINDOWS\System32\bcryptPrimitives.dll
0x00007ffb0f690000 - 0x00007ffb0f6b6000 	C:\Users\Макс\.jdks\azul-13.0.6\bin\java.dll
0x00007ffb0fd00000 - 0x00007ffb0fd0a000 	C:\Users\Макс\.jdks\azul-13.0.6\bin\jimage.dll
0x00007ffb10970000 - 0x00007ffb1097e000 	C:\Users\Макс\.jdks\azul-13.0.6\bin\instrument.dll
0x00007ffb0f9f0000 - 0x00007ffb0fa07000 	C:\Users\Макс\.jdks\azul-13.0.6\bin\zip.dll
0x00007ffb18c40000 - 0x00007ffb1937f000 	C:\WINDOWS\System32\SHELL32.dll
0x00007ffb15c30000 - 0x00007ffb163c0000 	C:\WINDOWS\SYSTEM32\windows.storage.dll
0x00007ffb18870000 - 0x00007ffb18bc5000 	C:\WINDOWS\System32\combase.dll
0x00007ffb17780000 - 0x00007ffb177ae000 	C:\WINDOWS\SYSTEM32\Wldp.dll
0x00007ffb1a520000 - 0x00007ffb1a5cd000 	C:\WINDOWS\System32\SHCORE.dll
0x00007ffb18bd0000 - 0x00007ffb18c25000 	C:\WINDOWS\System32\shlwapi.dll
0x00007ffb17c70000 - 0x00007ffb17c8f000 	C:\WINDOWS\SYSTEM32\profapi.dll
0x00007ffb0f8b0000 - 0x00007ffb0f8c9000 	C:\Users\Макс\.jdks\azul-13.0.6\bin\net.dll
0x00007ffb12680000 - 0x00007ffb1278c000 	C:\WINDOWS\SYSTEM32\WINHTTP.dll
0x00007ffb174e0000 - 0x00007ffb1754a000 	C:\WINDOWS\system32\mswsock.dll
0x00007ffb0f380000 - 0x00007ffb0f392000 	C:\Users\Макс\.jdks\azul-13.0.6\bin\nio.dll
0x00007ffafd690000 - 0x00007ffafd6aa000 	C:\Program Files\JetBrains\IntelliJ IDEA 2020.3.1\bin\breakgen64.dll
0x00007ffb171c0000 - 0x00007ffb1728b000 	C:\WINDOWS\SYSTEM32\DNSAPI.dll
0x00007ffb17180000 - 0x00007ffb171bb000 	C:\WINDOWS\SYSTEM32\IPHLPAPI.DLL
0x00007ffb19380000 - 0x00007ffb19388000 	C:\WINDOWS\System32\NSI.dll
0x00007ffb07bf0000 - 0x00007ffb07bfa000 	C:\Windows\System32\rasadhlp.dll
0x00007ffb07c30000 - 0x00007ffb07caf000 	C:\WINDOWS\System32\fwpuclnt.dll
0x00007ffb17dd0000 - 0x00007ffb17df7000 	C:\WINDOWS\System32\bcrypt.dll
0x00007ffb0fb70000 - 0x00007ffb0fb79000 	C:\Users\Макс\.jdks\azul-13.0.6\bin\management.dll
0x00007ffb0fad0000 - 0x00007ffb0fadb000 	C:\Users\Макс\.jdks\azul-13.0.6\bin\management_ext.dll
0x00007ffb176d0000 - 0x00007ffb176e8000 	C:\WINDOWS\SYSTEM32\CRYPTSP.dll
0x00007ffb16df0000 - 0x00007ffb16e24000 	C:\WINDOWS\system32\rsaenh.dll
0x00007ffb17bf0000 - 0x00007ffb17c1e000 	C:\WINDOWS\SYSTEM32\USERENV.dll
0x00007ffb176f0000 - 0x00007ffb176fc000 	C:\WINDOWS\SYSTEM32\CRYPTBASE.dll
0x00007ffb0bd00000 - 0x00007ffb0bd17000 	C:\WINDOWS\SYSTEM32\dhcpcsvc6.DLL
0x00007ffb0bd40000 - 0x00007ffb0bd5d000 	C:\WINDOWS\SYSTEM32\dhcpcsvc.DLL
0x00007ffaff220000 - 0x00007ffaff237000 	C:\WINDOWS\system32\napinsp.dll
0x00007ffaff200000 - 0x00007ffaff21b000 	C:\WINDOWS\system32\pnrpnsp.dll
0x00007ffb12790000 - 0x00007ffb127a5000 	C:\WINDOWS\system32\wshbth.dll
0x00007ffb133a0000 - 0x00007ffb133bd000 	C:\WINDOWS\system32\NLAapi.dll
0x00007ffaff1e0000 - 0x00007ffaff1f2000 	C:\WINDOWS\System32\winrnr.dll

dbghelp: loaded successfully - version: 4.0.5 - missing functions: none
symbol engine: initialized successfully - sym options: 0x614 - pdb path: .;C:\Users\Макс\.jdks\azul-13.0.6\bin;C:\WINDOWS\SYSTEM32;C:\WINDOWS\WinSxS\amd64_microsoft.windows.common-controls_6595b64144ccf1df_6.0.19041.1110_none_60b5254171f9507e;C:\Users\Макс\.jdks\azul-13.0.6\bin\server;C:\Program Files\JetBrains\IntelliJ IDEA 2020.3.1\bin

VM Arguments:
jvm_args: -XX:TieredStopAtLevel=1 -Xverify:none -Dspring.output.ansi.enabled=always -javaagent:C:\Program Files\JetBrains\IntelliJ IDEA 2020.3.1\lib\idea_rt.jar=54079:C:\Program Files\JetBrains\IntelliJ IDEA 2020.3.1\bin -Dcom.sun.management.jmxremote -Dspring.jmx.enabled=true -Dspring.liveBeansView.mbeanDomain -Dspring.application.admin.enabled=true -Dfile.encoding=UTF-8 
java_command: org.epam.final_project.FinalProjectFacultiesSpringApplication
java_class_path (initial): C:\JAVA_3_Course\FinalProjectFacultiesSpring\target\classes;C:\Users\Макс\.m2\repository\javax\javaee-api\6.0\javaee-api-6.0.jar;C:\Users\Макс\.m2\repository\org\springframework\boot\spring-boot-starter-web\2.2.0.RELEASE\spring-boot-starter-web-2.2.0.RELEASE.jar;C:\Users\Макс\.m2\repository\org\springframework\boot\spring-boot-starter\2.2.0.RELEASE\spring-boot-starter-2.2.0.RELEASE.jar;C:\Users\Макс\.m2\repository\org\springframework\boot\spring-boot\2.2.0.RELEASE\spring-boot-2.2.0.RELEASE.jar;C:\Users\Макс\.m2\repository\org\springframework\boot\spring-boot-autoconfigure\2.2.0.RELEASE\spring-boot-autoconfigure-2.2.0.RELEASE.jar;C:\Users\Макс\.m2\repository\org\springframework\boot\spring-boot-starter-logging\2.2.0.RELEASE\spring-boot-starter-logging-2.2.0.RELEASE.jar;C:\Users\Макс\.m2\repository\ch\qos\logback\logback-classic\1.2.3\logback-classic-1.2.3.jar;C:\Users\Макс\.m2\repository\ch\qos\logback\logback-core\1.2.3\logback-core-1.2.3.jar;C:\Users\Макс\.m2\repository\org\apache\logging\log4j\log4j-to-slf4j\2.12.1\log4j-to-slf4j-2.12.1.jar;C:\Users\Макс\.m2\repository\org\apache\logging\log4j\log4j-api\2.12.1\log4j-api-2.12.1.jar;C:\Users\Макс\.m2\repository\org\slf4j\jul-to-slf4j\1.7.28\jul-to-slf4j-1.7.28.jar;C:\Users\Макс\.m2\repository\jakarta\annotation\jakarta.annotation-api\1.3.5\jakarta.annotation-api-1.3.5.jar;C:\Users\Макс\.m2\repository\org\springframework\spring-core\5.2.0.RELEASE\spring-core-5.2.0.RELEASE.jar;C:\Users\Макс\.m2\repository\org\springframework\spring-jcl\5.2.0.RELEASE\spring-jcl-5.2.0.RELEASE.jar;C:\Users\Макс\.m2\repository\org\yaml\snakeyaml\1.25\snakeyaml-1.25.jar;C:\Users\Макс\.m2\repository\org\springframework\boot\spring-boot-starter-json\2.2.0.RELEASE\spring-boot-starter-json-2.2.0.RELEASE.jar;C:\Users\Макс\.m2\repository\com\fasterxml\jackson\core\jackson-databind\2.10.0\jackson-databind-2.10.0.jar;C:\Users\Макс\.m2\repository\com\fasterxml\jackson\core\jackson-annotations\2.10.0\jackson-annotations-
Launcher Type: SUN_STANDARD

[Global flags]
     intx CICompilerCount                          = 4                                         {product} {ergonomic}
     uint ConcGCThreads                            = 2                                         {product} {ergonomic}
     uint G1ConcRefinementThreads                  = 8                                         {product} {ergonomic}
   size_t G1HeapRegionSize                         = 1048576                                   {product} {ergonomic}
    uintx GCDrainStackTargetSize                   = 64                                        {product} {ergonomic}
   size_t InitialHeapSize                          = 134217728                                 {product} {ergonomic}
     bool ManagementServer                         = true                                      {product} {command line}
   size_t MarkStackSize                            = 4194304                                   {product} {ergonomic}
   size_t MaxHeapSize                              = 2124414976                                {product} {ergonomic}
   size_t MaxNewSize                               = 1274019840                                {product} {ergonomic}
   size_t MinHeapDeltaBytes                        = 1048576                                   {product} {ergonomic}
   size_t MinHeapSize                              = 8388608                                   {product} {ergonomic}
    uintx NonNMethodCodeHeapSize                   = 7549744                                {pd product} {ergonomic}
    uintx NonProfiledCodeHeapSize                  = 244108496                              {pd product} {ergonomic}
    uintx ProfiledCodeHeapSize                     = 0                                      {pd product} {ergonomic}
    uintx ReservedCodeCacheSize                    = 251658240                              {pd product} {ergonomic}
     bool SegmentedCodeCache                       = true                                      {product} {ergonomic}
   size_t SoftMaxHeapSize                          = 2124414976                             {manageable} {ergonomic}
     intx TieredStopAtLevel                        = 1                                         {product} {command line}
     bool UseCompressedClassPointers               = true                                 {lp64_product} {ergonomic}
     bool UseCompressedOops                        = true                                 {lp64_product} {ergonomic}
     bool UseG1GC                                  = true                                      {product} {ergonomic}
     bool UseLargePagesIndividualAllocation        = false                                  {pd product} {ergonomic}

Logging:
Log output configuration:
 #0: stdout all=warning uptime,level,tags
 #1: stderr all=off uptime,level,tags

Environment Variables:
JAVA_HOME=C:\Program Files\Java\jdk-11.0.10
PATH=C:\Program Files (x86)\Common Files\Oracle\Java\javapath;C:\Windows\system32;C:\Windows;C:\Windows\System32\Wbem;C:\Windows\System32\WindowsPowerShell\v1.0\;C:\Windows\System32\OpenSSH\;C:\Program Files (x86)\NVIDIA Corporation\PhysX\Common;C:\WINDOWS\system32;C:\WINDOWS;C:\WINDOWS\System32\Wbem;C:\WINDOWS\System32\WindowsPowerShell\v1.0\;C:\WINDOWS\System32\OpenSSH\;C:\Program Files\NVIDIA Corporation\NVIDIA NvDLISR;C:\WINDOWS\system32;C:\WINDOWS;C:\WINDOWS\System32\Wbem;C:\WINDOWS\System32\WindowsPowerShell\v1.0\;C:\WINDOWS\System32\OpenSSH\;C:\Program Files\dotnet\;C:\Program Files\Microsoft SQL Server\130\Tools\Binn\;C:\Program Files\Microsoft SQL Server\Client SDK\ODBC\170\Tools\Binn\;C:\Program Files\Git\cmd;C:\Program Files\Intel\WiFi\bin\;C:\Program Files\Common Files\Intel\WirelessCommon\;C:\Program Files (x86)\Brackets\command;C:\Program Files\MySQL\MySQL Shell 8.0\bin\;C:\Users\Макс\AppData\Local\Microsoft\WindowsApps;C:\Users\Макс\AppData\Local\atom\bin;C:\Users\Макс\AppData\Local\Microsoft\WindowsApps;C:\Program Files\JetBrains\IntelliJ IDEA 2020.3.1\bin;;C:\Program Files\Java\jdk-11.0.10bin;C:\Users\Макс\.dotnet\tools;C:\Users\Макс\Desktop\heroku\bin
USERNAME=Макс
OS=Windows_NT
PROCESSOR_IDENTIFIER=Intel64 Family 6 Model 142 Stepping 10, GenuineIntel



---------------  S Y S T E M  ---------------

OS: Windows 10 , 64 bit Build 19041 (10.0.19041.1348)
OS uptime: 1 days 6:21 hours

CPU:total 8 (initial active 8) (4 cores per cpu, 2 threads per core) family 6 model 142 stepping 10, cmov, cx8, fxsr, mmx, sse, sse2, sse3, ssse3, sse4.1, sse4.2, popcnt, avx, avx2, aes, clmul, erms, 3dnowpref, lzcnt, ht, tsc, tscinvbit, bmi1, bmi2, adx, fma

Memory: 4k page, system-wide physical 8101M (602M free)
TotalPageFile size 16202M (AvailPageFile size 3173M)
current process WorkingSet (physical memory assigned to process): 73M, peak: 73M
current process commit charge ("private bytes"): 223M, peak: 223M

vm_info: OpenJDK 64-Bit Server VM (13.0.6+5-MTS) for windows-amd64 JRE (13.0.6+5-MTS) (Zulu13.37+21-CA), built on Dec 25 2020 13:09:25 by "zulu_re" with MS VC++ 15.9 (VS2017)

END.
